<?xml version="1.0" encoding="UTF-8" ?>
<testsuite tests="40" failures="1" name="TestSuite" time="108.377" errors="0" skipped="0">
  <properties>
[...]
</properties>
  <testcase classname="scripts._01_GoogleTest" name="validateNavigation" time="11.962"/>
  <testcase classname="scripts._01_GoogleTest" name="validateSearchButton" time="0.143"/>
  <testcase classname="scripts._01_GoogleTest" name="validateTitleAndURL" time="0.027"/>
  <testcase classname="scripts._01_GoogleTest" name="ValidateSearchBar" time="0.055"/>
  <testcase classname="scripts._02_AppleTest" name="validateTitleAndURL" time="0.017"/>
  <testcase classname="scripts._03_TGLocatorsTest" name="ValidateAllParagraph" time="0.198"/>
  <testcase classname="scripts._03_TGLocatorsTest" name="validateAllLinks" time="0.304"/>
  <testcase classname="scripts._03_TGLocatorsTest" name="validateGrapesParagraph" time="0.09"/>
  <testcase classname="scripts._03_TGLocatorsTest" name="validateKiwiParagraph" time="0.073"/>
  <testcase classname="scripts._03_TGLocatorsTest" name="validateOrangeParagraph" time="0.271"/>
  <testcase classname="scripts._03_TGLocatorsTest" name="validateRedAppleLink" time="0.159"/>
  <testcase classname="scripts._04_TGLocatorsTest" name="ValidateAutomationTools" time="0.198"/>
  <testcase classname="scripts._04_TGLocatorsTest" name="validateLanguages" time="0.144"/>
  <testcase classname="scripts._04_TGLocatorsTest" name="validateListHeaders" time="0.1"/>
  <testcase classname="scripts._04_TGLocatorsTest" name="validateTheHeader" time="0.08"/>
  <testcase classname="scripts._05_FacebookTest" name="validateFacebookInvalidLoginAttempt" time="1.141"/>
  <testcase classname="scripts._05_FacebookTest" name="validateFacebookLoginForm" time="0.464"/>
  <testcase classname="scripts._06_WikiTest" name="validateWikiSearch" time="0.761"/>
  <testcase classname="scripts._07_TGDynamicElementsTest" name="validateDynamicElementBox" time="0.142"/>
  <testcase classname="scripts._07_TGDynamicElementsTest" name="validateDynamicElementBox1" time="0.079"/>
  <testcase classname="scripts._07_TGDynamicElementsTest" name="validateDynamicElementBox2" time="0.074"/>
  <testcase classname="scripts._08_TGWaitTest" name="RedBox" time="10.158"/>
  <testcase classname="scripts._08_TGWaitTest" name="waitForBlueBox" time="30.167">
    <failure message="no such element: Unable to locate element: {&quot;method&quot;:&quot;css selector&quot;,&quot;selector&quot;:&quot;button[class*=&apos;blue_box&apos;]&quot;}
  (Session info: chrome=114.0.5735.110)
For documentation on this error, please visit: https://www.seleniumhq.org/exceptions/no_such_element.html
Build info: version: &apos;3.141.59&apos;, revision: &apos;e82be7d358&apos;, time: &apos;2018-11-14T08:17:03&apos;
System info: host: &apos;YAHYA&apos;, ip: &apos;192.168.1.140&apos;, os.name: &apos;Windows 11&apos;, os.arch: &apos;amd64&apos;, os.version: &apos;10.0&apos;, java.version: &apos;1.8.0_361&apos;
Driver info: org.openqa.selenium.chrome.ChromeDriver
Capabilities {acceptInsecureCerts: false, browserName: chrome, browserVersion: 114.0.5735.110, chrome: {chromedriverVersion: 114.0.5735.90 (386bc09e8f4f..., userDataDir: C:\Users\yahya\AppData\Loca...}, goog:chromeOptions: {debuggerAddress: localhost:56894}, javascriptEnabled: true, networkConnectionEnabled: false, pageLoadStrategy: normal, platform: WINDOWS, platformName: WINDOWS, proxy: Proxy(), setWindowRect: true, strictFileInteractability: false, timeouts: {implicit: 0, pageLoad: 300000, script: 30000}, unhandledPromptBehavior: dismiss and notify, webauthn:extension:credBlob: true, webauthn:extension:largeBlob: true, webauthn:extension:minPinLength: true, webauthn:extension:prf: true, webauthn:virtualAuthenticators: true}
Session ID: 88e31f907b5300e1bd2fc656473c4486
*** Element info: {Using=css selector, value=button[class*=&apos;blue_box&apos;]}" type="org.openqa.selenium.NoSuchElementException">org.openqa.selenium.NoSuchElementException: no such element: Unable to locate element: {&quot;method&quot;:&quot;css selector&quot;,&quot;selector&quot;:&quot;button[class*=&apos;blue_box&apos;]&quot;}
  (Session info: chrome=114.0.5735.110)
For documentation on this error, please visit: https://www.seleniumhq.org/exceptions/no_such_element.html
Build info: version: &apos;3.141.59&apos;, revision: &apos;e82be7d358&apos;, time: &apos;2018-11-14T08:17:03&apos;
System info: host: &apos;YAHYA&apos;, ip: &apos;192.168.1.140&apos;, os.name: &apos;Windows 11&apos;, os.arch: &apos;amd64&apos;, os.version: &apos;10.0&apos;, java.version: &apos;1.8.0_361&apos;
Driver info: org.openqa.selenium.chrome.ChromeDriver
Capabilities {acceptInsecureCerts: false, browserName: chrome, browserVersion: 114.0.5735.110, chrome: {chromedriverVersion: 114.0.5735.90 (386bc09e8f4f..., userDataDir: C:\Users\yahya\AppData\Loca...}, goog:chromeOptions: {debuggerAddress: localhost:56894}, javascriptEnabled: true, networkConnectionEnabled: false, pageLoadStrategy: normal, platform: WINDOWS, platformName: WINDOWS, proxy: Proxy(), setWindowRect: true, strictFileInteractability: false, timeouts: {implicit: 0, pageLoad: 300000, script: 30000}, unhandledPromptBehavior: dismiss and notify, webauthn:extension:credBlob: true, webauthn:extension:largeBlob: true, webauthn:extension:minPinLength: true, webauthn:extension:prf: true, webauthn:virtualAuthenticators: true}
Session ID: 88e31f907b5300e1bd2fc656473c4486
*** Element info: {Using=css selector, value=button[class*=&apos;blue_box&apos;]}
	at sun.reflect.NativeConstructorAccessorImpl.newInstance0(Native Method)
	at sun.reflect.NativeConstructorAccessorImpl.newInstance(NativeConstructorAccessorImpl.java:62)
	at sun.reflect.DelegatingConstructorAccessorImpl.newInstance(DelegatingConstructorAccessorImpl.java:45)
	at java.lang.reflect.Constructor.newInstance(Constructor.java:423)
	at org.openqa.selenium.remote.http.W3CHttpResponseCodec.createException(W3CHttpResponseCodec.java:187)
	at org.openqa.selenium.remote.http.W3CHttpResponseCodec.decode(W3CHttpResponseCodec.java:122)
	at org.openqa.selenium.remote.http.W3CHttpResponseCodec.decode(W3CHttpResponseCodec.java:49)
	at org.openqa.selenium.remote.HttpCommandExecutor.execute(HttpCommandExecutor.java:158)
	at org.openqa.selenium.remote.service.DriverCommandExecutor.execute(DriverCommandExecutor.java:83)
	at org.openqa.selenium.remote.RemoteWebDriver.execute(RemoteWebDriver.java:552)
	at org.openqa.selenium.remote.RemoteWebDriver.findElement(RemoteWebDriver.java:323)
	at org.openqa.selenium.remote.RemoteWebDriver.findElementByCssSelector(RemoteWebDriver.java:420)
	at org.openqa.selenium.By$ByCssSelector.findElement(By.java:431)
	at org.openqa.selenium.remote.RemoteWebDriver.findElement(RemoteWebDriver.java:315)
	at scripts._08_TGWaitTest.waitForBlueBox(_08_TGWaitTest.java:37)
</failure>
    <system-err>Starting ChromeDriver 114.0.5735.90 (386bc09e8f4f2e025eddae123f36f6263096ae49-refs/branch-heads/5735@{#1052}) on port 32371
Only local connections are allowed.
Please see https://chromedriver.chromium.org/security-considerations for suggestions on keeping ChromeDriver safe.
ChromeDriver was started successfully.
Jun 05, 2023 7:52:06 PM org.openqa.selenium.remote.ProtocolHandshake createSession
INFO: Detected dialect: W3C
</system-err>
  </testcase>
  <testcase classname="scripts._09_TGCheckboxTest" name="checkBoxes" time="0.273"/>
  <testcase classname="scripts._09_TGCheckboxTest" name="checkBoxes2" time="0.291"/>
  <testcase classname="scripts._10_TGRadioButtonTest" name="Radioinput" time="0.403"/>
  <testcase classname="scripts._10_TGRadioButtonTest" name="radioInput2" time="0.331"/>
  <testcase classname="scripts._11_TGDropdownsTest" name="productColorTest" time="0.179"/>
  <testcase classname="scripts._11_TGDropdownsTest" name="productDeliveryTest" time="30.145"/>
  <testcase classname="scripts._11_TGDropdownsTest" name="productDropDownTest" time="0.121"/>
  <testcase classname="scripts._11_TGDropdownsTest" name="validateResult" time="0.487"/>
  <testcase classname="scripts._12_TGAlertsTest" name="validateAlert" time="0.312"/>
  <testcase classname="scripts._12_TGAlertsTest" name="validateConfirmationAlert" time="0.235"/>
  <testcase classname="scripts._12_TGAlertsTest" name="warningAlerts" time="0.109"/>
  <testcase classname="scripts._13_IFrameTest" name="validateTheParagraph" time="0.433"/>
  <testcase classname="scripts._13_IFrameTest" name="validateTheFormSubmission" time="0.794"/>
  <testcase classname="scripts._14_MultipleWindowsTest" name="validateTheAppleNavigation" time="1.475"/>
  <testcase classname="scripts._14_MultipleWindowsTest" name="validateTheMicrosoftNavigation" time="2.282"/>
  <testcase classname="scripts._14_MultipleWindowsTest" name="validateTheTeslaNavigation" time="2.084"/>
  <testcase classname="scripts._14_MultipleWindowsTest" name="validateTheLinkURLs" time="11.616"/>
</testsuite>